The target system is: Android - 1 - armv7-a
The host system is: Darwin - 18.2.0 - x86_64
Determining if the C compiler works passed with the following output:
Change Dir: /Users/yuexiaobo/android/AndroidStudioProjects/self/imgeCompress/app/.externalNativeBuild/cmake/debug/armeabi-v7a/CMakeFiles/CMakeTmp

Run Build Command:"/Library/Android/sdk/cmake/3.10.2.4988404/bin/ninja" "cmTC_01971"
[1/2] Building C object CMakeFiles/cmTC_01971.dir/testCCompiler.c.o
[2/2] Linking C executable cmTC_01971


Detecting C compiler ABI info compiled with the following output:
Change Dir: /Users/yuexiaobo/android/AndroidStudioProjects/self/imgeCompress/app/.externalNativeBuild/cmake/debug/armeabi-v7a/CMakeFiles/CMakeTmp

Run Build Command:"/Library/Android/sdk/cmake/3.10.2.4988404/bin/ninja" "cmTC_f49f3"
[1/2] Building C object CMakeFiles/cmTC_f49f3.dir/CMakeCCompilerABI.c.o
[2/2] Linking C executable cmTC_f49f3
Android clang version 5.0.300080  (based on LLVM 5.0.300080)
Target: armv7-none-linux-android
Thread model: posix
InstalledDir: /Library/Android/android-ndk-r16b/toolchains/llvm/prebuilt/darwin-x86_64/bin
Found candidate GCC installation: /Library/Android/android-ndk-r16b/toolchains/arm-linux-androideabi-4.9/prebuilt/darwin-x86_64/lib/gcc/arm-linux-androideabi/4.9.x
Selected GCC installation: /Library/Android/android-ndk-r16b/toolchains/arm-linux-androideabi-4.9/prebuilt/darwin-x86_64/lib/gcc/arm-linux-androideabi/4.9.x
Candidate multilib: thumb;@thumb
Candidate multilib: armv7-a;@armv7
Candidate multilib: armv7-a/thumb;@armv7@thumb
Candidate multilib: .;
Selected multilib: armv7-a/thumb;@armv7@thumb
 "/Library/Android/android-ndk-r16b/toolchains/arm-linux-androideabi-4.9/prebuilt/darwin-x86_64/lib/gcc/arm-linux-androideabi/4.9.x/../../../../arm-linux-androideabi/bin/ld" --sysroot=/Library/Android/android-ndk-r16b/platforms/android-14/arch-arm -X --eh-frame-hdr -m armelf_linux_eabi -dynamic-linker /system/bin/linker -o cmTC_f49f3 /Library/Android/android-ndk-r16b/platforms/android-14/arch-arm/usr/lib/../lib/crtbegin_dynamic.o -L/Library/Android/android-ndk-r16b/toolchains/llvm/prebuilt/darwin-x86_64/lib64/clang/5.0.300080/lib/linux/arm -L/Library/Android/android-ndk-r16b/toolchains/arm-linux-androideabi-4.9/prebuilt/darwin-x86_64/lib/gcc/arm-linux-androideabi/4.9.x/armv7-a/thumb -L/Library/Android/android-ndk-r16b/toolchains/arm-linux-androideabi-4.9/prebuilt/darwin-x86_64/lib/gcc/arm-linux-androideabi/4.9.x/../../../../arm-linux-androideabi/lib/../lib/armv7-a/thumb -L/Library/Android/android-ndk-r16b/platforms/android-14/arch-arm/usr/lib/../lib -L/Library/Android/android-ndk-r16b/toolchains/arm-linux-androideabi-4.9/prebuilt/darwin-x86_64/lib/gcc/arm-linux-androideabi/4.9.x/../../../../arm-linux-androideabi/lib/armv7-a/thumb -L/Library/Android/android-ndk-r16b/platforms/android-14/arch-arm/usr/lib --exclude-libs libgcc.a --exclude-libs libatomic.a --build-id --warn-shared-textrel --fatal-warnings --fix-cortex-a8 --no-undefined -z noexecstack -z relro -z now --gc-sections -z nocopyreloc CMakeFiles/cmTC_f49f3.dir/CMakeCCompilerABI.c.o -lgcc -ldl -lc -lgcc -ldl /Library/Android/android-ndk-r16b/platforms/android-14/arch-arm/usr/lib/../lib/crtend_android.o


Parsed C implicit link information from above output:
  link line regex: [^( *|.*[/\])(arm-linux-androideabi-ld|CMAKE_LINK_STARTFILE-NOTFOUND|([^/\]+-)?ld|collect2)[^/\]*( |$)]
  ignore line: [Change Dir: /Users/yuexiaobo/android/AndroidStudioProjects/self/imgeCompress/app/.externalNativeBuild/cmake/debug/armeabi-v7a/CMakeFiles/CMakeTmp]
  ignore line: []
  ignore line: [Run Build Command:"/Library/Android/sdk/cmake/3.10.2.4988404/bin/ninja" "cmTC_f49f3"]
  ignore line: [[1/2] Building C object CMakeFiles/cmTC_f49f3.dir/CMakeCCompilerABI.c.o]
  ignore line: [[2/2] Linking C executable cmTC_f49f3]
  ignore line: [Android clang version 5.0.300080  (based on LLVM 5.0.300080)]
  ignore line: [Target: armv7-none-linux-android]
  ignore line: [Thread model: posix]
  ignore line: [InstalledDir: /Library/Android/android-ndk-r16b/toolchains/llvm/prebuilt/darwin-x86_64/bin]
  ignore line: [Found candidate GCC installation: /Library/Android/android-ndk-r16b/toolchains/arm-linux-androideabi-4.9/prebuilt/darwin-x86_64/lib/gcc/arm-linux-androideabi/4.9.x]
  ignore line: [Selected GCC installation: /Library/Android/android-ndk-r16b/toolchains/arm-linux-androideabi-4.9/prebuilt/darwin-x86_64/lib/gcc/arm-linux-androideabi/4.9.x]
  ignore line: [Candidate multilib: thumb]
  ignore line: [@thumb]
  ignore line: [Candidate multilib: armv7-a]
  ignore line: [@armv7]
  ignore line: [Candidate multilib: armv7-a/thumb]
  ignore line: [@armv7@thumb]
  ignore line: [Candidate multilib: .]
  ignore line: []
  ignore line: [Selected multilib: armv7-a/thumb]
  ignore line: [@armv7@thumb]
  link line: [ "/Library/Android/android-ndk-r16b/toolchains/arm-linux-androideabi-4.9/prebuilt/darwin-x86_64/lib/gcc/arm-linux-androideabi/4.9.x/../../../../arm-linux-androideabi/bin/ld" --sysroot=/Library/Android/android-ndk-r16b/platforms/android-14/arch-arm -X --eh-frame-hdr -m armelf_linux_eabi -dynamic-linker /system/bin/linker -o cmTC_f49f3 /Library/Android/android-ndk-r16b/platforms/android-14/arch-arm/usr/lib/../lib/crtbegin_dynamic.o -L/Library/Android/android-ndk-r16b/toolchains/llvm/prebuilt/darwin-x86_64/lib64/clang/5.0.300080/lib/linux/arm -L/Library/Android/android-ndk-r16b/toolchains/arm-linux-androideabi-4.9/prebuilt/darwin-x86_64/lib/gcc/arm-linux-androideabi/4.9.x/armv7-a/thumb -L/Library/Android/android-ndk-r16b/toolchains/arm-linux-androideabi-4.9/prebuilt/darwin-x86_64/lib/gcc/arm-linux-androideabi/4.9.x/../../../../arm-linux-androideabi/lib/../lib/armv7-a/thumb -L/Library/Android/android-ndk-r16b/platforms/android-14/arch-arm/usr/lib/../lib -L/Library/Android/android-ndk-r16b/toolchains/arm-linux-androideabi-4.9/prebuilt/darwin-x86_64/lib/gcc/arm-linux-androideabi/4.9.x/../../../../arm-linux-androideabi/lib/armv7-a/thumb -L/Library/Android/android-ndk-r16b/platforms/android-14/arch-arm/usr/lib --exclude-libs libgcc.a --exclude-libs libatomic.a --build-id --warn-shared-textrel --fatal-warnings --fix-cortex-a8 --no-undefined -z noexecstack -z relro -z now --gc-sections -z nocopyreloc CMakeFiles/cmTC_f49f3.dir/CMakeCCompilerABI.c.o -lgcc -ldl -lc -lgcc -ldl /Library/Android/android-ndk-r16b/platforms/android-14/arch-arm/usr/lib/../lib/crtend_android.o]
    arg [/Library/Android/android-ndk-r16b/toolchains/arm-linux-androideabi-4.9/prebuilt/darwin-x86_64/lib/gcc/arm-linux-androideabi/4.9.x/../../../../arm-linux-androideabi/bin/ld] ==> ignore
    arg [--sysroot=/Library/Android/android-ndk-r16b/platforms/android-14/arch-arm] ==> ignore
    arg [-X] ==> ignore
    arg [--eh-frame-hdr] ==> ignore
    arg [-m] ==> ignore
    arg [armelf_linux_eabi] ==> ignore
    arg [-dynamic-linker] ==> ignore
    arg [/system/bin/linker] ==> ignore
    arg [-o] ==> ignore
    arg [cmTC_f49f3] ==> ignore
    arg [/Library/Android/android-ndk-r16b/platforms/android-14/arch-arm/usr/lib/../lib/crtbegin_dynamic.o] ==> ignore
    arg [-L/Library/Android/android-ndk-r16b/toolchains/llvm/prebuilt/darwin-x86_64/lib64/clang/5.0.300080/lib/linux/arm] ==> dir [/Library/Android/android-ndk-r16b/toolchains/llvm/prebuilt/darwin-x86_64/lib64/clang/5.0.300080/lib/linux/arm]
    arg [-L/Library/Android/android-ndk-r16b/toolchains/arm-linux-androideabi-4.9/prebuilt/darwin-x86_64/lib/gcc/arm-linux-androideabi/4.9.x/armv7-a/thumb] ==> dir [/Library/Android/android-ndk-r16b/toolchains/arm-linux-androideabi-4.9/prebuilt/darwin-x86_64/lib/gcc/arm-linux-androideabi/4.9.x/armv7-a/thumb]
    arg [-L/Library/Android/android-ndk-r16b/toolchains/arm-linux-androideabi-4.9/prebuilt/darwin-x86_64/lib/gcc/arm-linux-androideabi/4.9.x/../../../../arm-linux-androideabi/lib/../lib/armv7-a/thumb] ==> dir [/Library/Android/android-ndk-r16b/toolchains/arm-linux-androideabi-4.9/prebuilt/darwin-x86_64/lib/gcc/arm-linux-androideabi/4.9.x/../../../../arm-linux-androideabi/lib/../lib/armv7-a/thumb]
    arg [-L/Library/Android/android-ndk-r16b/platforms/android-14/arch-arm/usr/lib/../lib] ==> dir [/Library/Android/android-ndk-r16b/platforms/android-14/arch-arm/usr/lib/../lib]
    arg [-L/Library/Android/android-ndk-r16b/toolchains/arm-linux-androideabi-4.9/prebuilt/darwin-x86_64/lib/gcc/arm-linux-androideabi/4.9.x/../../../../arm-linux-androideabi/lib/armv7-a/thumb] ==> dir [/Library/Android/android-ndk-r16b/toolchains/arm-linux-androideabi-4.9/prebuilt/darwin-x86_64/lib/gcc/arm-linux-androideabi/4.9.x/../../../../arm-linux-androideabi/lib/armv7-a/thumb]
    arg [-L/Library/Android/android-ndk-r16b/platforms/android-14/arch-arm/usr/lib] ==> dir [/Library/Android/android-ndk-r16b/platforms/android-14/arch-arm/usr/lib]
    arg [--exclude-libs] ==> ignore
    arg [libgcc.a] ==> ignore
    arg [--exclude-libs] ==> ignore
    arg [libatomic.a] ==> ignore
    arg [--build-id] ==> ignore
    arg [--warn-shared-textrel] ==> ignore
    arg [--fatal-warnings] ==> ignore
    arg [--fix-cortex-a8] ==> ignore
    arg [--no-undefined] ==> ignore
    arg [-znoexecstack] ==> ignore
    arg [-zrelro] ==> ignore
    arg [-znow] ==> ignore
    arg [--gc-sections] ==> ignore
    arg [-znocopyreloc] ==> ignore
    arg [CMakeFiles/cmTC_f49f3.dir/CMakeCCompilerABI.c.o] ==> ignore
    arg [-lgcc] ==> lib [gcc]
    arg [-ldl] ==> lib [dl]
    arg [-lc] ==> lib [c]
    arg [-lgcc] ==> lib [gcc]
    arg [-ldl] ==> lib [dl]
    arg [/Library/Android/android-ndk-r16b/platforms/android-14/arch-arm/usr/lib/../lib/crtend_android.o] ==> ignore
  collapse library dir [/Library/Android/android-ndk-r16b/toolchains/llvm/prebuilt/darwin-x86_64/lib64/clang/5.0.300080/lib/linux/arm] ==> [/Library/Android/android-ndk-r16b/toolchains/llvm/prebuilt/darwin-x86_64/lib64/clang/5.0.300080/lib/linux/arm]
  collapse library dir [/Library/Android/android-ndk-r16b/toolchains/arm-linux-androideabi-4.9/prebuilt/darwin-x86_64/lib/gcc/arm-linux-androideabi/4.9.x/armv7-a/thumb] ==> [/Library/Android/android-ndk-r16b/toolchains/arm-linux-androideabi-4.9/prebuilt/darwin-x86_64/lib/gcc/arm-linux-androideabi/4.9.x/armv7-a/thumb]
  collapse library dir [/Library/Android/android-ndk-r16b/toolchains/arm-linux-androideabi-4.9/prebuilt/darwin-x86_64/lib/gcc/arm-linux-androideabi/4.9.x/../../../../arm-linux-androideabi/lib/../lib/armv7-a/thumb] ==> [/Library/Android/android-ndk-r16b/toolchains/arm-linux-androideabi-4.9/prebuilt/darwin-x86_64/arm-linux-androideabi/lib/armv7-a/thumb]
  collapse library dir [/Library/Android/android-ndk-r16b/platforms/android-14/arch-arm/usr/lib/../lib] ==> [/Library/Android/android-ndk-r16b/platforms/android-14/arch-arm/usr/lib]
  collapse library dir [/Library/Android/android-ndk-r16b/toolchains/arm-linux-androideabi-4.9/prebuilt/darwin-x86_64/lib/gcc/arm-linux-androideabi/4.9.x/../../../../arm-linux-androideabi/lib/armv7-a/thumb] ==> [/Library/Android/android-ndk-r16b/toolchains/arm-linux-androideabi-4.9/prebuilt/darwin-x86_64/arm-linux-androideabi/lib/armv7-a/thumb]
  collapse library dir [/Library/Android/android-ndk-r16b/platforms/android-14/arch-arm/usr/lib] ==> [/Library/Android/android-ndk-r16b/platforms/android-14/arch-arm/usr/lib]
  implicit libs: [gcc;dl;c;gcc;dl]
  implicit dirs: [/Library/Android/android-ndk-r16b/toolchains/llvm/prebuilt/darwin-x86_64/lib64/clang/5.0.300080/lib/linux/arm;/Library/Android/android-ndk-r16b/toolchains/arm-linux-androideabi-4.9/prebuilt/darwin-x86_64/lib/gcc/arm-linux-androideabi/4.9.x/armv7-a/thumb;/Library/Android/android-ndk-r16b/toolchains/arm-linux-androideabi-4.9/prebuilt/darwin-x86_64/arm-linux-androideabi/lib/armv7-a/thumb;/Library/Android/android-ndk-r16b/platforms/android-14/arch-arm/usr/lib]
  implicit fwks: []




Detecting C [-std=c11] compiler features compiled with the following output:
Change Dir: /Users/yuexiaobo/android/AndroidStudioProjects/self/imgeCompress/app/.externalNativeBuild/cmake/debug/armeabi-v7a/CMakeFiles/CMakeTmp

Run Build Command:"/Library/Android/sdk/cmake/3.10.2.4988404/bin/ninja" "cmTC_2c9f0"
[1/2] Building C object CMakeFiles/cmTC_2c9f0.dir/feature_tests.c.o
[2/2] Linking C executable cmTC_2c9f0


    Feature record: C_FEATURE:1c_function_prototypes
    Feature record: C_FEATURE:1c_restrict
    Feature record: C_FEATURE:1c_static_assert
    Feature record: C_FEATURE:1c_variadic_macros


Detecting C [-std=c99] compiler features compiled with the following output:
Change Dir: /Users/yuexiaobo/android/AndroidStudioProjects/self/imgeCompress/app/.externalNativeBuild/cmake/debug/armeabi-v7a/CMakeFiles/CMakeTmp

Run Build Command:"/Library/Android/sdk/cmake/3.10.2.4988404/bin/ninja" "cmTC_9d167"
[1/2] Building C object CMakeFiles/cmTC_9d167.dir/feature_tests.c.o
[2/2] Linking C executable cmTC_9d167


    Feature record: C_FEATURE:1c_function_prototypes
    Feature record: C_FEATURE:1c_restrict
    Feature record: C_FEATURE:0c_static_assert
    Feature record: C_FEATURE:1c_variadic_macros


Detecting C [-std=c90] compiler features compiled with the following output:
Change Dir: /Users/yuexiaobo/android/AndroidStudioProjects/self/imgeCompress/app/.externalNativeBuild/cmake/debug/armeabi-v7a/CMakeFiles/CMakeTmp

Run Build Command:"/Library/Android/sdk/cmake/3.10.2.4988404/bin/ninja" "cmTC_ea933"
[1/2] Building C object CMakeFiles/cmTC_ea933.dir/feature_tests.c.o
[2/2] Linking C executable cmTC_ea933


    Feature record: C_FEATURE:1c_function_prototypes
    Feature record: C_FEATURE:0c_restrict
    Feature record: C_FEATURE:0c_static_assert
    Feature record: C_FEATURE:0c_variadic_macros
Determining if the include file sys/types.h exists passed with the following output:
Change Dir: /Users/yuexiaobo/android/AndroidStudioProjects/self/imgeCompress/app/.externalNativeBuild/cmake/debug/armeabi-v7a/CMakeFiles/CMakeTmp

Run Build Command:"/Library/Android/sdk/cmake/3.10.2.4988404/bin/ninja" "cmTC_43556"
[1/2] Building C object CMakeFiles/cmTC_43556.dir/CheckIncludeFile.c.o
[2/2] Linking C executable cmTC_43556


Determining if the include file stdint.h exists passed with the following output:
Change Dir: /Users/yuexiaobo/android/AndroidStudioProjects/self/imgeCompress/app/.externalNativeBuild/cmake/debug/armeabi-v7a/CMakeFiles/CMakeTmp

Run Build Command:"/Library/Android/sdk/cmake/3.10.2.4988404/bin/ninja" "cmTC_cfa33"
[1/2] Building C object CMakeFiles/cmTC_cfa33.dir/CheckIncludeFile.c.o
[2/2] Linking C executable cmTC_cfa33


Determining if the include file stddef.h exists passed with the following output:
Change Dir: /Users/yuexiaobo/android/AndroidStudioProjects/self/imgeCompress/app/.externalNativeBuild/cmake/debug/armeabi-v7a/CMakeFiles/CMakeTmp

Run Build Command:"/Library/Android/sdk/cmake/3.10.2.4988404/bin/ninja" "cmTC_47eb4"
[1/2] Building C object CMakeFiles/cmTC_47eb4.dir/CheckIncludeFile.c.o
[2/2] Linking C executable cmTC_47eb4


Determining size of size_t passed with the following output:
Change Dir: /Users/yuexiaobo/android/AndroidStudioProjects/self/imgeCompress/app/.externalNativeBuild/cmake/debug/armeabi-v7a/CMakeFiles/CMakeTmp

Run Build Command:"/Library/Android/sdk/cmake/3.10.2.4988404/bin/ninja" "cmTC_3f8fb"
[1/2] Building C object CMakeFiles/cmTC_3f8fb.dir/SIZE_T.c.o
[2/2] Linking C executable cmTC_3f8fb


Determining size of unsigned long passed with the following output:
Change Dir: /Users/yuexiaobo/android/AndroidStudioProjects/self/imgeCompress/app/.externalNativeBuild/cmake/debug/armeabi-v7a/CMakeFiles/CMakeTmp

Run Build Command:"/Library/Android/sdk/cmake/3.10.2.4988404/bin/ninja" "cmTC_f4516"
[1/2] Building C object CMakeFiles/cmTC_f4516.dir/UNSIGNED_LONG.c.o
[2/2] Linking C executable cmTC_f4516


Performing C SOURCE FILE Test HAVE_BUILTIN_CTZL succeeded with the following output:
Change Dir: /Users/yuexiaobo/android/AndroidStudioProjects/self/imgeCompress/app/.externalNativeBuild/cmake/debug/armeabi-v7a/CMakeFiles/CMakeTmp

Run Build Command:"/Library/Android/sdk/cmake/3.10.2.4988404/bin/ninja" "cmTC_8ba01"
[1/2] Building C object CMakeFiles/cmTC_8ba01.dir/src.c.o
[2/2] Linking C executable cmTC_8ba01

Source file was:
int main(int argc, char **argv) { unsigned long a = argc;  return __builtin_ctzl(a); }
Determining if files locale.h exist passed with the following output:
Change Dir: /Users/yuexiaobo/android/AndroidStudioProjects/self/imgeCompress/app/.externalNativeBuild/cmake/debug/armeabi-v7a/CMakeFiles/CMakeTmp

Run Build Command:"/Library/Android/sdk/cmake/3.10.2.4988404/bin/ninja" "cmTC_5f192"
[1/2] Building C object CMakeFiles/cmTC_5f192.dir/CheckIncludeFiles.c.o
[2/2] Linking C executable cmTC_5f192


Determining if files stdlib.h exist passed with the following output:
Change Dir: /Users/yuexiaobo/android/AndroidStudioProjects/self/imgeCompress/app/.externalNativeBuild/cmake/debug/armeabi-v7a/CMakeFiles/CMakeTmp

Run Build Command:"/Library/Android/sdk/cmake/3.10.2.4988404/bin/ninja" "cmTC_72c20"
[1/2] Building C object CMakeFiles/cmTC_72c20.dir/CheckIncludeFiles.c.o
[2/2] Linking C executable cmTC_72c20


Determining if files sys/types.h exist passed with the following output:
Change Dir: /Users/yuexiaobo/android/AndroidStudioProjects/self/imgeCompress/app/.externalNativeBuild/cmake/debug/armeabi-v7a/CMakeFiles/CMakeTmp

Run Build Command:"/Library/Android/sdk/cmake/3.10.2.4988404/bin/ninja" "cmTC_be304"
[1/2] Building C object CMakeFiles/cmTC_be304.dir/CheckIncludeFiles.c.o
[2/2] Linking C executable cmTC_be304


Determining if the memset exist passed with the following output:
Change Dir: /Users/yuexiaobo/android/AndroidStudioProjects/self/imgeCompress/app/.externalNativeBuild/cmake/debug/armeabi-v7a/CMakeFiles/CMakeTmp

Run Build Command:"/Library/Android/sdk/cmake/3.10.2.4988404/bin/ninja" "cmTC_186f1"
[1/2] Building C object CMakeFiles/cmTC_186f1.dir/CheckSymbolExists.c.o
[2/2] Linking C executable cmTC_186f1

File /Users/yuexiaobo/android/AndroidStudioProjects/self/imgeCompress/app/.externalNativeBuild/cmake/debug/armeabi-v7a/CMakeFiles/CMakeTmp/CheckSymbolExists.c:
/* */
#include <string.h>

int main(int argc, char** argv)
{
  (void)argv;
#ifndef memset
  return ((int*)(&memset))[argc];
#else
  (void)argc;
  return 0;
#endif
}

Determining if the memcpy exist passed with the following output:
Change Dir: /Users/yuexiaobo/android/AndroidStudioProjects/self/imgeCompress/app/.externalNativeBuild/cmake/debug/armeabi-v7a/CMakeFiles/CMakeTmp

Run Build Command:"/Library/Android/sdk/cmake/3.10.2.4988404/bin/ninja" "cmTC_2654a"
[1/2] Building C object CMakeFiles/cmTC_2654a.dir/CheckSymbolExists.c.o
[2/2] Linking C executable cmTC_2654a

File /Users/yuexiaobo/android/AndroidStudioProjects/self/imgeCompress/app/.externalNativeBuild/cmake/debug/armeabi-v7a/CMakeFiles/CMakeTmp/CheckSymbolExists.c:
/* */
#include <string.h>

int main(int argc, char** argv)
{
  (void)argv;
#ifndef memcpy
  return ((int*)(&memcpy))[argc];
#else
  (void)argc;
  return 0;
#endif
}

Determining size of unsigned char passed with the following output:
Change Dir: /Users/yuexiaobo/android/AndroidStudioProjects/self/imgeCompress/app/.externalNativeBuild/cmake/debug/armeabi-v7a/CMakeFiles/CMakeTmp

Run Build Command:"/Library/Android/sdk/cmake/3.10.2.4988404/bin/ninja" "cmTC_cfa1e"
[1/2] Building C object CMakeFiles/cmTC_cfa1e.dir/UNSIGNED_CHAR.c.o
[2/2] Linking C executable cmTC_cfa1e


Determining size of unsigned short passed with the following output:
Change Dir: /Users/yuexiaobo/android/AndroidStudioProjects/self/imgeCompress/app/.externalNativeBuild/cmake/debug/armeabi-v7a/CMakeFiles/CMakeTmp

Run Build Command:"/Library/Android/sdk/cmake/3.10.2.4988404/bin/ninja" "cmTC_6a658"
[1/2] Building C object CMakeFiles/cmTC_6a658.dir/UNSIGNED_SHORT.c.o
[2/2] Linking C executable cmTC_6a658


Performing C SOURCE FILE Test INCOMPLETE_TYPES succeeded with the following output:
Change Dir: /Users/yuexiaobo/android/AndroidStudioProjects/self/imgeCompress/app/.externalNativeBuild/cmake/debug/armeabi-v7a/CMakeFiles/CMakeTmp

Run Build Command:"/Library/Android/sdk/cmake/3.10.2.4988404/bin/ninja" "cmTC_9eb01"
[1/2] Building C object CMakeFiles/cmTC_9eb01.dir/src.c.o
[2/2] Linking C executable cmTC_9eb01

Source file was:
int main(void) { typedef struct undefined_structure *undef_struct_ptr;  undef_struct_ptr ptr = 0;  return ptr != 0; }
Performing C SOURCE FILE Test INLINE_WORKS succeeded with the following output:
Change Dir: /Users/yuexiaobo/android/AndroidStudioProjects/self/imgeCompress/app/.externalNativeBuild/cmake/debug/armeabi-v7a/CMakeFiles/CMakeTmp

Run Build Command:"/Library/Android/sdk/cmake/3.10.2.4988404/bin/ninja" "cmTC_ad623"
[1/2] Building C object CMakeFiles/cmTC_ad623.dir/src.c.o
[2/2] Linking C executable cmTC_ad623

Source file was:
__inline__ __attribute__((always_inline)) static int foo(void) { return 0; } int main(void) { return foo(); }
Performing C SOURCE FILE Test HAVE_VERSION_SCRIPT succeeded with the following output:
Change Dir: /Users/yuexiaobo/android/AndroidStudioProjects/self/imgeCompress/app/.externalNativeBuild/cmake/debug/armeabi-v7a/CMakeFiles/CMakeTmp

Run Build Command:"/Library/Android/sdk/cmake/3.10.2.4988404/bin/ninja" "cmTC_a3cb2"
[1/2] Building C object CMakeFiles/cmTC_a3cb2.dir/src.c.o
clang: warning: -Wl,--version-script,/Users/yuexiaobo/android/AndroidStudioProjects/self/imgeCompress/app/.externalNativeBuild/cmake/debug/armeabi-v7a/conftest.map: 'linker' input unused [-Wunused-command-line-argument]
[2/2] Linking C executable cmTC_a3cb2

Source file was:
int main(void) { return 0; }
