The target system is: Android - 21 - mips64
The host system is: Darwin - 18.2.0 - x86_64
Determining if the C compiler works passed with the following output:
Change Dir: /Users/yuexiaobo/android/AndroidStudioProjects/self/imgeCompress/app/.externalNativeBuild/cmake/debug/mips64/CMakeFiles/CMakeTmp

Run Build Command:"/Library/Android/sdk/cmake/3.6.4111459/bin/ninja" "cmTC_c29c1"
[1/2] Building C object CMakeFiles/cmTC_c29c1.dir/testCCompiler.c.o
[2/2] Linking C executable cmTC_c29c1


Detecting C compiler ABI info compiled with the following output:
Change Dir: /Users/yuexiaobo/android/AndroidStudioProjects/self/imgeCompress/app/.externalNativeBuild/cmake/debug/mips64/CMakeFiles/CMakeTmp

Run Build Command:"/Library/Android/sdk/cmake/3.6.4111459/bin/ninja" "cmTC_3146d"
[1/2] Building C object CMakeFiles/cmTC_3146d.dir/CMakeCCompilerABI.c.o
[2/2] Linking C executable cmTC_3146d
Android clang version 3.8.256229  (based on LLVM 3.8.256229)
Target: mips64el-none-linux-android
Thread model: posix
InstalledDir: /Library/Android/android-ndk-r12b/toolchains/llvm/prebuilt/darwin-x86_64/bin
Found candidate GCC installation: /Library/Android/android-ndk-r12b/toolchains/mips64el-linux-android-4.9/prebuilt/darwin-x86_64/lib/gcc/mips64el-linux-android/4.9.x
Selected GCC installation: /Library/Android/android-ndk-r12b/toolchains/mips64el-linux-android-4.9/prebuilt/darwin-x86_64/lib/gcc/mips64el-linux-android/4.9.x
Candidate multilib: .;
Selected multilib: .;
 "/Library/Android/android-ndk-r12b/toolchains/mips64el-linux-android-4.9/prebuilt/darwin-x86_64/lib/gcc/mips64el-linux-android/4.9.x/../../../../mips64el-linux-android/bin/ld" --sysroot=/Library/Android/android-ndk-r12b/platforms/android-21/arch-mips64 -pie --sysroot=/Library/Android/android-ndk-r12b/platforms/android-21/arch-mips64 --eh-frame-hdr -m elf64ltsmip -dynamic-linker /system/bin/linker64 -o cmTC_3146d /Library/Android/android-ndk-r12b/platforms/android-21/arch-mips64/usr/lib/../lib64/crtbegin_dynamic.o -L/Library/Android/android-ndk-r12b/toolchains/mips64el-linux-android-4.9/prebuilt/darwin-x86_64/lib/gcc/mips64el-linux-android/4.9.x -L/Library/Android/android-ndk-r12b/toolchains/mips64el-linux-android-4.9/prebuilt/darwin-x86_64/lib/gcc/mips64el-linux-android/4.9.x/../../../../mips64el-linux-android/lib/../lib64 -L/Library/Android/android-ndk-r12b/platforms/android-21/arch-mips64/usr/lib/../lib64 -L/Library/Android/android-ndk-r12b/toolchains/mips64el-linux-android-4.9/prebuilt/darwin-x86_64/lib/gcc/mips64el-linux-android/4.9.x/../../../../mips64el-linux-android/lib -L/Library/Android/android-ndk-r12b/platforms/android-21/arch-mips64/usr/lib --build-id --warn-shared-textrel --fatal-warnings --no-undefined -z noexecstack -z relro -z now --gc-sections -z nocopyreloc --build-id --warn-shared-textrel --fatal-warnings --no-undefined -z noexecstack -z relro -z now --gc-sections -z nocopyreloc CMakeFiles/cmTC_3146d.dir/CMakeCCompilerABI.c.o -lgcc -ldl -lc -lgcc -ldl /Library/Android/android-ndk-r12b/platforms/android-21/arch-mips64/usr/lib/../lib64/crtend_android.o


Parsed C implicit link information from above output:
  link line regex: [^( *|.*[/\])(mips64el-linux-android-ld|([^/\]+-)?ld|collect2)[^/\]*( |$)]
  ignore line: [Change Dir: /Users/yuexiaobo/android/AndroidStudioProjects/self/imgeCompress/app/.externalNativeBuild/cmake/debug/mips64/CMakeFiles/CMakeTmp]
  ignore line: []
  ignore line: [Run Build Command:"/Library/Android/sdk/cmake/3.6.4111459/bin/ninja" "cmTC_3146d"]
  ignore line: [[1/2] Building C object CMakeFiles/cmTC_3146d.dir/CMakeCCompilerABI.c.o]
  ignore line: [[2/2] Linking C executable cmTC_3146d]
  ignore line: [Android clang version 3.8.256229  (based on LLVM 3.8.256229)]
  ignore line: [Target: mips64el-none-linux-android]
  ignore line: [Thread model: posix]
  ignore line: [InstalledDir: /Library/Android/android-ndk-r12b/toolchains/llvm/prebuilt/darwin-x86_64/bin]
  ignore line: [Found candidate GCC installation: /Library/Android/android-ndk-r12b/toolchains/mips64el-linux-android-4.9/prebuilt/darwin-x86_64/lib/gcc/mips64el-linux-android/4.9.x]
  ignore line: [Selected GCC installation: /Library/Android/android-ndk-r12b/toolchains/mips64el-linux-android-4.9/prebuilt/darwin-x86_64/lib/gcc/mips64el-linux-android/4.9.x]
  ignore line: [Candidate multilib: .]
  ignore line: []
  ignore line: [Selected multilib: .]
  ignore line: []
  link line: [ "/Library/Android/android-ndk-r12b/toolchains/mips64el-linux-android-4.9/prebuilt/darwin-x86_64/lib/gcc/mips64el-linux-android/4.9.x/../../../../mips64el-linux-android/bin/ld" --sysroot=/Library/Android/android-ndk-r12b/platforms/android-21/arch-mips64 -pie --sysroot=/Library/Android/android-ndk-r12b/platforms/android-21/arch-mips64 --eh-frame-hdr -m elf64ltsmip -dynamic-linker /system/bin/linker64 -o cmTC_3146d /Library/Android/android-ndk-r12b/platforms/android-21/arch-mips64/usr/lib/../lib64/crtbegin_dynamic.o -L/Library/Android/android-ndk-r12b/toolchains/mips64el-linux-android-4.9/prebuilt/darwin-x86_64/lib/gcc/mips64el-linux-android/4.9.x -L/Library/Android/android-ndk-r12b/toolchains/mips64el-linux-android-4.9/prebuilt/darwin-x86_64/lib/gcc/mips64el-linux-android/4.9.x/../../../../mips64el-linux-android/lib/../lib64 -L/Library/Android/android-ndk-r12b/platforms/android-21/arch-mips64/usr/lib/../lib64 -L/Library/Android/android-ndk-r12b/toolchains/mips64el-linux-android-4.9/prebuilt/darwin-x86_64/lib/gcc/mips64el-linux-android/4.9.x/../../../../mips64el-linux-android/lib -L/Library/Android/android-ndk-r12b/platforms/android-21/arch-mips64/usr/lib --build-id --warn-shared-textrel --fatal-warnings --no-undefined -z noexecstack -z relro -z now --gc-sections -z nocopyreloc --build-id --warn-shared-textrel --fatal-warnings --no-undefined -z noexecstack -z relro -z now --gc-sections -z nocopyreloc CMakeFiles/cmTC_3146d.dir/CMakeCCompilerABI.c.o -lgcc -ldl -lc -lgcc -ldl /Library/Android/android-ndk-r12b/platforms/android-21/arch-mips64/usr/lib/../lib64/crtend_android.o]
    arg [/Library/Android/android-ndk-r12b/toolchains/mips64el-linux-android-4.9/prebuilt/darwin-x86_64/lib/gcc/mips64el-linux-android/4.9.x/../../../../mips64el-linux-android/bin/ld] ==> ignore
    arg [--sysroot=/Library/Android/android-ndk-r12b/platforms/android-21/arch-mips64] ==> ignore
    arg [-pie] ==> ignore
    arg [--sysroot=/Library/Android/android-ndk-r12b/platforms/android-21/arch-mips64] ==> ignore
    arg [--eh-frame-hdr] ==> ignore
    arg [-m] ==> ignore
    arg [elf64ltsmip] ==> ignore
    arg [-dynamic-linker] ==> ignore
    arg [/system/bin/linker64] ==> ignore
    arg [-o] ==> ignore
    arg [cmTC_3146d] ==> ignore
    arg [/Library/Android/android-ndk-r12b/platforms/android-21/arch-mips64/usr/lib/../lib64/crtbegin_dynamic.o] ==> ignore
    arg [-L/Library/Android/android-ndk-r12b/toolchains/mips64el-linux-android-4.9/prebuilt/darwin-x86_64/lib/gcc/mips64el-linux-android/4.9.x] ==> dir [/Library/Android/android-ndk-r12b/toolchains/mips64el-linux-android-4.9/prebuilt/darwin-x86_64/lib/gcc/mips64el-linux-android/4.9.x]
    arg [-L/Library/Android/android-ndk-r12b/toolchains/mips64el-linux-android-4.9/prebuilt/darwin-x86_64/lib/gcc/mips64el-linux-android/4.9.x/../../../../mips64el-linux-android/lib/../lib64] ==> dir [/Library/Android/android-ndk-r12b/toolchains/mips64el-linux-android-4.9/prebuilt/darwin-x86_64/lib/gcc/mips64el-linux-android/4.9.x/../../../../mips64el-linux-android/lib/../lib64]
    arg [-L/Library/Android/android-ndk-r12b/platforms/android-21/arch-mips64/usr/lib/../lib64] ==> dir [/Library/Android/android-ndk-r12b/platforms/android-21/arch-mips64/usr/lib/../lib64]
    arg [-L/Library/Android/android-ndk-r12b/toolchains/mips64el-linux-android-4.9/prebuilt/darwin-x86_64/lib/gcc/mips64el-linux-android/4.9.x/../../../../mips64el-linux-android/lib] ==> dir [/Library/Android/android-ndk-r12b/toolchains/mips64el-linux-android-4.9/prebuilt/darwin-x86_64/lib/gcc/mips64el-linux-android/4.9.x/../../../../mips64el-linux-android/lib]
    arg [-L/Library/Android/android-ndk-r12b/platforms/android-21/arch-mips64/usr/lib] ==> dir [/Library/Android/android-ndk-r12b/platforms/android-21/arch-mips64/usr/lib]
    arg [--build-id] ==> ignore
    arg [--warn-shared-textrel] ==> ignore
    arg [--fatal-warnings] ==> ignore
    arg [--no-undefined] ==> ignore
    arg [-znoexecstack] ==> ignore
    arg [-zrelro] ==> ignore
    arg [-znow] ==> ignore
    arg [--gc-sections] ==> ignore
    arg [-znocopyreloc] ==> ignore
    arg [--build-id] ==> ignore
    arg [--warn-shared-textrel] ==> ignore
    arg [--fatal-warnings] ==> ignore
    arg [--no-undefined] ==> ignore
    arg [-znoexecstack] ==> ignore
    arg [-zrelro] ==> ignore
    arg [-znow] ==> ignore
    arg [--gc-sections] ==> ignore
    arg [-znocopyreloc] ==> ignore
    arg [CMakeFiles/cmTC_3146d.dir/CMakeCCompilerABI.c.o] ==> ignore
    arg [-lgcc] ==> lib [gcc]
    arg [-ldl] ==> lib [dl]
    arg [-lc] ==> lib [c]
    arg [-lgcc] ==> lib [gcc]
    arg [-ldl] ==> lib [dl]
    arg [/Library/Android/android-ndk-r12b/platforms/android-21/arch-mips64/usr/lib/../lib64/crtend_android.o] ==> ignore
  remove lib [gcc]
  remove lib [gcc]
  collapse library dir [/Library/Android/android-ndk-r12b/toolchains/mips64el-linux-android-4.9/prebuilt/darwin-x86_64/lib/gcc/mips64el-linux-android/4.9.x] ==> [/Library/Android/android-ndk-r12b/toolchains/mips64el-linux-android-4.9/prebuilt/darwin-x86_64/lib/gcc/mips64el-linux-android/4.9.x]
  collapse library dir [/Library/Android/android-ndk-r12b/toolchains/mips64el-linux-android-4.9/prebuilt/darwin-x86_64/lib/gcc/mips64el-linux-android/4.9.x/../../../../mips64el-linux-android/lib/../lib64] ==> [/Library/Android/android-ndk-r12b/toolchains/mips64el-linux-android-4.9/prebuilt/darwin-x86_64/mips64el-linux-android/lib64]
  collapse library dir [/Library/Android/android-ndk-r12b/platforms/android-21/arch-mips64/usr/lib/../lib64] ==> [/Library/Android/android-ndk-r12b/platforms/android-21/arch-mips64/usr/lib64]
  collapse library dir [/Library/Android/android-ndk-r12b/toolchains/mips64el-linux-android-4.9/prebuilt/darwin-x86_64/lib/gcc/mips64el-linux-android/4.9.x/../../../../mips64el-linux-android/lib] ==> [/Library/Android/android-ndk-r12b/toolchains/mips64el-linux-android-4.9/prebuilt/darwin-x86_64/mips64el-linux-android/lib]
  collapse library dir [/Library/Android/android-ndk-r12b/platforms/android-21/arch-mips64/usr/lib] ==> [/Library/Android/android-ndk-r12b/platforms/android-21/arch-mips64/usr/lib]
  implicit libs: [dl;c;dl]
  implicit dirs: [/Library/Android/android-ndk-r12b/toolchains/mips64el-linux-android-4.9/prebuilt/darwin-x86_64/lib/gcc/mips64el-linux-android/4.9.x;/Library/Android/android-ndk-r12b/toolchains/mips64el-linux-android-4.9/prebuilt/darwin-x86_64/mips64el-linux-android/lib64;/Library/Android/android-ndk-r12b/platforms/android-21/arch-mips64/usr/lib64;/Library/Android/android-ndk-r12b/toolchains/mips64el-linux-android-4.9/prebuilt/darwin-x86_64/mips64el-linux-android/lib;/Library/Android/android-ndk-r12b/platforms/android-21/arch-mips64/usr/lib]
  implicit fwks: []


Determining if the CXX compiler works passed with the following output:
Change Dir: /Users/yuexiaobo/android/AndroidStudioProjects/self/imgeCompress/app/.externalNativeBuild/cmake/debug/mips64/CMakeFiles/CMakeTmp

Run Build Command:"/Library/Android/sdk/cmake/3.6.4111459/bin/ninja" "cmTC_c60ac"
[1/2] Building CXX object CMakeFiles/cmTC_c60ac.dir/testCXXCompiler.cxx.o
[2/2] Linking CXX executable cmTC_c60ac


Detecting CXX compiler ABI info compiled with the following output:
Change Dir: /Users/yuexiaobo/android/AndroidStudioProjects/self/imgeCompress/app/.externalNativeBuild/cmake/debug/mips64/CMakeFiles/CMakeTmp

Run Build Command:"/Library/Android/sdk/cmake/3.6.4111459/bin/ninja" "cmTC_1033f"
[1/2] Building CXX object CMakeFiles/cmTC_1033f.dir/CMakeCXXCompilerABI.cpp.o
[2/2] Linking CXX executable cmTC_1033f
Android clang version 3.8.256229  (based on LLVM 3.8.256229)
Target: mips64el-none-linux-android
Thread model: posix
InstalledDir: /Library/Android/android-ndk-r12b/toolchains/llvm/prebuilt/darwin-x86_64/bin
Found candidate GCC installation: /Library/Android/android-ndk-r12b/toolchains/mips64el-linux-android-4.9/prebuilt/darwin-x86_64/lib/gcc/mips64el-linux-android/4.9.x
Selected GCC installation: /Library/Android/android-ndk-r12b/toolchains/mips64el-linux-android-4.9/prebuilt/darwin-x86_64/lib/gcc/mips64el-linux-android/4.9.x
Candidate multilib: .;
Selected multilib: .;
 "/Library/Android/android-ndk-r12b/toolchains/mips64el-linux-android-4.9/prebuilt/darwin-x86_64/lib/gcc/mips64el-linux-android/4.9.x/../../../../mips64el-linux-android/bin/ld" --sysroot=/Library/Android/android-ndk-r12b/platforms/android-21/arch-mips64 -pie --sysroot=/Library/Android/android-ndk-r12b/platforms/android-21/arch-mips64 --eh-frame-hdr -m elf64ltsmip -dynamic-linker /system/bin/linker64 -o cmTC_1033f /Library/Android/android-ndk-r12b/platforms/android-21/arch-mips64/usr/lib/../lib64/crtbegin_dynamic.o -L/Library/Android/android-ndk-r12b/toolchains/mips64el-linux-android-4.9/prebuilt/darwin-x86_64/lib/gcc/mips64el-linux-android/4.9.x -L/Library/Android/android-ndk-r12b/toolchains/mips64el-linux-android-4.9/prebuilt/darwin-x86_64/lib/gcc/mips64el-linux-android/4.9.x/../../../../mips64el-linux-android/lib/../lib64 -L/Library/Android/android-ndk-r12b/platforms/android-21/arch-mips64/usr/lib/../lib64 -L/Library/Android/android-ndk-r12b/toolchains/mips64el-linux-android-4.9/prebuilt/darwin-x86_64/lib/gcc/mips64el-linux-android/4.9.x/../../../../mips64el-linux-android/lib -L/Library/Android/android-ndk-r12b/platforms/android-21/arch-mips64/usr/lib --build-id --warn-shared-textrel --fatal-warnings --no-undefined -z noexecstack -z relro -z now --gc-sections -z nocopyreloc --build-id --warn-shared-textrel --fatal-warnings --no-undefined -z noexecstack -z relro -z now --gc-sections -z nocopyreloc CMakeFiles/cmTC_1033f.dir/CMakeCXXCompilerABI.cpp.o -lstdc++ -lm -lgcc -lgcc -ldl -lc -lgcc -lgcc -ldl /Library/Android/android-ndk-r12b/platforms/android-21/arch-mips64/usr/lib/../lib64/crtend_android.o


Parsed CXX implicit link information from above output:
  link line regex: [^( *|.*[/\])(mips64el-linux-android-ld|([^/\]+-)?ld|collect2)[^/\]*( |$)]
  ignore line: [Change Dir: /Users/yuexiaobo/android/AndroidStudioProjects/self/imgeCompress/app/.externalNativeBuild/cmake/debug/mips64/CMakeFiles/CMakeTmp]
  ignore line: []
  ignore line: [Run Build Command:"/Library/Android/sdk/cmake/3.6.4111459/bin/ninja" "cmTC_1033f"]
  ignore line: [[1/2] Building CXX object CMakeFiles/cmTC_1033f.dir/CMakeCXXCompilerABI.cpp.o]
  ignore line: [[2/2] Linking CXX executable cmTC_1033f]
  ignore line: [Android clang version 3.8.256229  (based on LLVM 3.8.256229)]
  ignore line: [Target: mips64el-none-linux-android]
  ignore line: [Thread model: posix]
  ignore line: [InstalledDir: /Library/Android/android-ndk-r12b/toolchains/llvm/prebuilt/darwin-x86_64/bin]
  ignore line: [Found candidate GCC installation: /Library/Android/android-ndk-r12b/toolchains/mips64el-linux-android-4.9/prebuilt/darwin-x86_64/lib/gcc/mips64el-linux-android/4.9.x]
  ignore line: [Selected GCC installation: /Library/Android/android-ndk-r12b/toolchains/mips64el-linux-android-4.9/prebuilt/darwin-x86_64/lib/gcc/mips64el-linux-android/4.9.x]
  ignore line: [Candidate multilib: .]
  ignore line: []
  ignore line: [Selected multilib: .]
  ignore line: []
  link line: [ "/Library/Android/android-ndk-r12b/toolchains/mips64el-linux-android-4.9/prebuilt/darwin-x86_64/lib/gcc/mips64el-linux-android/4.9.x/../../../../mips64el-linux-android/bin/ld" --sysroot=/Library/Android/android-ndk-r12b/platforms/android-21/arch-mips64 -pie --sysroot=/Library/Android/android-ndk-r12b/platforms/android-21/arch-mips64 --eh-frame-hdr -m elf64ltsmip -dynamic-linker /system/bin/linker64 -o cmTC_1033f /Library/Android/android-ndk-r12b/platforms/android-21/arch-mips64/usr/lib/../lib64/crtbegin_dynamic.o -L/Library/Android/android-ndk-r12b/toolchains/mips64el-linux-android-4.9/prebuilt/darwin-x86_64/lib/gcc/mips64el-linux-android/4.9.x -L/Library/Android/android-ndk-r12b/toolchains/mips64el-linux-android-4.9/prebuilt/darwin-x86_64/lib/gcc/mips64el-linux-android/4.9.x/../../../../mips64el-linux-android/lib/../lib64 -L/Library/Android/android-ndk-r12b/platforms/android-21/arch-mips64/usr/lib/../lib64 -L/Library/Android/android-ndk-r12b/toolchains/mips64el-linux-android-4.9/prebuilt/darwin-x86_64/lib/gcc/mips64el-linux-android/4.9.x/../../../../mips64el-linux-android/lib -L/Library/Android/android-ndk-r12b/platforms/android-21/arch-mips64/usr/lib --build-id --warn-shared-textrel --fatal-warnings --no-undefined -z noexecstack -z relro -z now --gc-sections -z nocopyreloc --build-id --warn-shared-textrel --fatal-warnings --no-undefined -z noexecstack -z relro -z now --gc-sections -z nocopyreloc CMakeFiles/cmTC_1033f.dir/CMakeCXXCompilerABI.cpp.o -lstdc++ -lm -lgcc -lgcc -ldl -lc -lgcc -lgcc -ldl /Library/Android/android-ndk-r12b/platforms/android-21/arch-mips64/usr/lib/../lib64/crtend_android.o]
    arg [/Library/Android/android-ndk-r12b/toolchains/mips64el-linux-android-4.9/prebuilt/darwin-x86_64/lib/gcc/mips64el-linux-android/4.9.x/../../../../mips64el-linux-android/bin/ld] ==> ignore
    arg [--sysroot=/Library/Android/android-ndk-r12b/platforms/android-21/arch-mips64] ==> ignore
    arg [-pie] ==> ignore
    arg [--sysroot=/Library/Android/android-ndk-r12b/platforms/android-21/arch-mips64] ==> ignore
    arg [--eh-frame-hdr] ==> ignore
    arg [-m] ==> ignore
    arg [elf64ltsmip] ==> ignore
    arg [-dynamic-linker] ==> ignore
    arg [/system/bin/linker64] ==> ignore
    arg [-o] ==> ignore
    arg [cmTC_1033f] ==> ignore
    arg [/Library/Android/android-ndk-r12b/platforms/android-21/arch-mips64/usr/lib/../lib64/crtbegin_dynamic.o] ==> ignore
    arg [-L/Library/Android/android-ndk-r12b/toolchains/mips64el-linux-android-4.9/prebuilt/darwin-x86_64/lib/gcc/mips64el-linux-android/4.9.x] ==> dir [/Library/Android/android-ndk-r12b/toolchains/mips64el-linux-android-4.9/prebuilt/darwin-x86_64/lib/gcc/mips64el-linux-android/4.9.x]
    arg [-L/Library/Android/android-ndk-r12b/toolchains/mips64el-linux-android-4.9/prebuilt/darwin-x86_64/lib/gcc/mips64el-linux-android/4.9.x/../../../../mips64el-linux-android/lib/../lib64] ==> dir [/Library/Android/android-ndk-r12b/toolchains/mips64el-linux-android-4.9/prebuilt/darwin-x86_64/lib/gcc/mips64el-linux-android/4.9.x/../../../../mips64el-linux-android/lib/../lib64]
    arg [-L/Library/Android/android-ndk-r12b/platforms/android-21/arch-mips64/usr/lib/../lib64] ==> dir [/Library/Android/android-ndk-r12b/platforms/android-21/arch-mips64/usr/lib/../lib64]
    arg [-L/Library/Android/android-ndk-r12b/toolchains/mips64el-linux-android-4.9/prebuilt/darwin-x86_64/lib/gcc/mips64el-linux-android/4.9.x/../../../../mips64el-linux-android/lib] ==> dir [/Library/Android/android-ndk-r12b/toolchains/mips64el-linux-android-4.9/prebuilt/darwin-x86_64/lib/gcc/mips64el-linux-android/4.9.x/../../../../mips64el-linux-android/lib]
    arg [-L/Library/Android/android-ndk-r12b/platforms/android-21/arch-mips64/usr/lib] ==> dir [/Library/Android/android-ndk-r12b/platforms/android-21/arch-mips64/usr/lib]
    arg [--build-id] ==> ignore
    arg [--warn-shared-textrel] ==> ignore
    arg [--fatal-warnings] ==> ignore
    arg [--no-undefined] ==> ignore
    arg [-znoexecstack] ==> ignore
    arg [-zrelro] ==> ignore
    arg [-znow] ==> ignore
    arg [--gc-sections] ==> ignore
    arg [-znocopyreloc] ==> ignore
    arg [--build-id] ==> ignore
    arg [--warn-shared-textrel] ==> ignore
    arg [--fatal-warnings] ==> ignore
    arg [--no-undefined] ==> ignore
    arg [-znoexecstack] ==> ignore
    arg [-zrelro] ==> ignore
    arg [-znow] ==> ignore
    arg [--gc-sections] ==> ignore
    arg [-znocopyreloc] ==> ignore
    arg [CMakeFiles/cmTC_1033f.dir/CMakeCXXCompilerABI.cpp.o] ==> ignore
    arg [-lstdc++] ==> lib [stdc++]
    arg [-lm] ==> lib [m]
    arg [-lgcc] ==> lib [gcc]
    arg [-lgcc] ==> lib [gcc]
    arg [-ldl] ==> lib [dl]
    arg [-lc] ==> lib [c]
    arg [-lgcc] ==> lib [gcc]
    arg [-lgcc] ==> lib [gcc]
    arg [-ldl] ==> lib [dl]
    arg [/Library/Android/android-ndk-r12b/platforms/android-21/arch-mips64/usr/lib/../lib64/crtend_android.o] ==> ignore
  remove lib [gcc]
  remove lib [gcc]
  remove lib [gcc]
  remove lib [gcc]
  collapse library dir [/Library/Android/android-ndk-r12b/toolchains/mips64el-linux-android-4.9/prebuilt/darwin-x86_64/lib/gcc/mips64el-linux-android/4.9.x] ==> [/Library/Android/android-ndk-r12b/toolchains/mips64el-linux-android-4.9/prebuilt/darwin-x86_64/lib/gcc/mips64el-linux-android/4.9.x]
  collapse library dir [/Library/Android/android-ndk-r12b/toolchains/mips64el-linux-android-4.9/prebuilt/darwin-x86_64/lib/gcc/mips64el-linux-android/4.9.x/../../../../mips64el-linux-android/lib/../lib64] ==> [/Library/Android/android-ndk-r12b/toolchains/mips64el-linux-android-4.9/prebuilt/darwin-x86_64/mips64el-linux-android/lib64]
  collapse library dir [/Library/Android/android-ndk-r12b/platforms/android-21/arch-mips64/usr/lib/../lib64] ==> [/Library/Android/android-ndk-r12b/platforms/android-21/arch-mips64/usr/lib64]
  collapse library dir [/Library/Android/android-ndk-r12b/toolchains/mips64el-linux-android-4.9/prebuilt/darwin-x86_64/lib/gcc/mips64el-linux-android/4.9.x/../../../../mips64el-linux-android/lib] ==> [/Library/Android/android-ndk-r12b/toolchains/mips64el-linux-android-4.9/prebuilt/darwin-x86_64/mips64el-linux-android/lib]
  collapse library dir [/Library/Android/android-ndk-r12b/platforms/android-21/arch-mips64/usr/lib] ==> [/Library/Android/android-ndk-r12b/platforms/android-21/arch-mips64/usr/lib]
  implicit libs: [stdc++;m;dl;c;dl]
  implicit dirs: [/Library/Android/android-ndk-r12b/toolchains/mips64el-linux-android-4.9/prebuilt/darwin-x86_64/lib/gcc/mips64el-linux-android/4.9.x;/Library/Android/android-ndk-r12b/toolchains/mips64el-linux-android-4.9/prebuilt/darwin-x86_64/mips64el-linux-android/lib64;/Library/Android/android-ndk-r12b/platforms/android-21/arch-mips64/usr/lib64;/Library/Android/android-ndk-r12b/toolchains/mips64el-linux-android-4.9/prebuilt/darwin-x86_64/mips64el-linux-android/lib;/Library/Android/android-ndk-r12b/platforms/android-21/arch-mips64/usr/lib]
  implicit fwks: []


