The target system is: Android - 1 - aarch64
The host system is: Darwin - 18.2.0 - x86_64
Determining if the C compiler works passed with the following output:
Change Dir: /Users/yuexiaobo/android/AndroidStudioProjects/self/imgeCompress/app/.externalNativeBuild/cmake/release/arm64-v8a/CMakeFiles/CMakeTmp

Run Build Command:"/Library/Android/sdk/cmake/3.10.2.4988404/bin/ninja" "cmTC_5b48b"
[1/2] Building C object CMakeFiles/cmTC_5b48b.dir/testCCompiler.c.o
[2/2] Linking C executable cmTC_5b48b


Detecting C compiler ABI info compiled with the following output:
Change Dir: /Users/yuexiaobo/android/AndroidStudioProjects/self/imgeCompress/app/.externalNativeBuild/cmake/release/arm64-v8a/CMakeFiles/CMakeTmp

Run Build Command:"/Library/Android/sdk/cmake/3.10.2.4988404/bin/ninja" "cmTC_cd47d"
[1/2] Building C object CMakeFiles/cmTC_cd47d.dir/CMakeCCompilerABI.c.o
[2/2] Linking C executable cmTC_cd47d
Android clang version 5.0.300080  (based on LLVM 5.0.300080)
Target: aarch64-none-linux-android
Thread model: posix
InstalledDir: /Library/Android/android-ndk-r16b/toolchains/llvm/prebuilt/darwin-x86_64/bin
Found candidate GCC installation: /Library/Android/android-ndk-r16b/toolchains/aarch64-linux-android-4.9/prebuilt/darwin-x86_64/lib/gcc/aarch64-linux-android/4.9.x
Selected GCC installation: /Library/Android/android-ndk-r16b/toolchains/aarch64-linux-android-4.9/prebuilt/darwin-x86_64/lib/gcc/aarch64-linux-android/4.9.x
Candidate multilib: .;@m64
Selected multilib: .;@m64
 "/Library/Android/android-ndk-r16b/toolchains/aarch64-linux-android-4.9/prebuilt/darwin-x86_64/lib/gcc/aarch64-linux-android/4.9.x/../../../../aarch64-linux-android/bin/ld" --sysroot=/Library/Android/android-ndk-r16b/platforms/android-21/arch-arm64 -pie --fix-cortex-a53-843419 --eh-frame-hdr -m aarch64linux -dynamic-linker /system/bin/linker64 -o cmTC_cd47d /Library/Android/android-ndk-r16b/platforms/android-21/arch-arm64/usr/lib/crtbegin_dynamic.o -L/Library/Android/android-ndk-r16b/toolchains/llvm/prebuilt/darwin-x86_64/lib64/clang/5.0.300080/lib/linux/aarch64 -L/Library/Android/android-ndk-r16b/toolchains/aarch64-linux-android-4.9/prebuilt/darwin-x86_64/lib/gcc/aarch64-linux-android/4.9.x -L/Library/Android/android-ndk-r16b/toolchains/aarch64-linux-android-4.9/prebuilt/darwin-x86_64/lib/gcc/aarch64-linux-android/4.9.x/../../../../aarch64-linux-android/lib/../lib64 -L/Library/Android/android-ndk-r16b/toolchains/aarch64-linux-android-4.9/prebuilt/darwin-x86_64/lib/gcc/aarch64-linux-android/4.9.x/../../../../aarch64-linux-android/lib -L/Library/Android/android-ndk-r16b/platforms/android-21/arch-arm64/usr/lib --exclude-libs libgcc.a --exclude-libs libatomic.a --build-id --warn-shared-textrel --fatal-warnings --no-undefined -z noexecstack -z relro -z now --gc-sections -z nocopyreloc CMakeFiles/cmTC_cd47d.dir/CMakeCCompilerABI.c.o -lgcc -ldl -lc -lgcc -ldl /Library/Android/android-ndk-r16b/platforms/android-21/arch-arm64/usr/lib/crtend_android.o


Parsed C implicit link information from above output:
  link line regex: [^( *|.*[/\])(aarch64-linux-android-ld|CMAKE_LINK_STARTFILE-NOTFOUND|([^/\]+-)?ld|collect2)[^/\]*( |$)]
  ignore line: [Change Dir: /Users/yuexiaobo/android/AndroidStudioProjects/self/imgeCompress/app/.externalNativeBuild/cmake/release/arm64-v8a/CMakeFiles/CMakeTmp]
  ignore line: []
  ignore line: [Run Build Command:"/Library/Android/sdk/cmake/3.10.2.4988404/bin/ninja" "cmTC_cd47d"]
  ignore line: [[1/2] Building C object CMakeFiles/cmTC_cd47d.dir/CMakeCCompilerABI.c.o]
  ignore line: [[2/2] Linking C executable cmTC_cd47d]
  ignore line: [Android clang version 5.0.300080  (based on LLVM 5.0.300080)]
  ignore line: [Target: aarch64-none-linux-android]
  ignore line: [Thread model: posix]
  ignore line: [InstalledDir: /Library/Android/android-ndk-r16b/toolchains/llvm/prebuilt/darwin-x86_64/bin]
  ignore line: [Found candidate GCC installation: /Library/Android/android-ndk-r16b/toolchains/aarch64-linux-android-4.9/prebuilt/darwin-x86_64/lib/gcc/aarch64-linux-android/4.9.x]
  ignore line: [Selected GCC installation: /Library/Android/android-ndk-r16b/toolchains/aarch64-linux-android-4.9/prebuilt/darwin-x86_64/lib/gcc/aarch64-linux-android/4.9.x]
  ignore line: [Candidate multilib: .]
  ignore line: [@m64]
  ignore line: [Selected multilib: .]
  ignore line: [@m64]
  link line: [ "/Library/Android/android-ndk-r16b/toolchains/aarch64-linux-android-4.9/prebuilt/darwin-x86_64/lib/gcc/aarch64-linux-android/4.9.x/../../../../aarch64-linux-android/bin/ld" --sysroot=/Library/Android/android-ndk-r16b/platforms/android-21/arch-arm64 -pie --fix-cortex-a53-843419 --eh-frame-hdr -m aarch64linux -dynamic-linker /system/bin/linker64 -o cmTC_cd47d /Library/Android/android-ndk-r16b/platforms/android-21/arch-arm64/usr/lib/crtbegin_dynamic.o -L/Library/Android/android-ndk-r16b/toolchains/llvm/prebuilt/darwin-x86_64/lib64/clang/5.0.300080/lib/linux/aarch64 -L/Library/Android/android-ndk-r16b/toolchains/aarch64-linux-android-4.9/prebuilt/darwin-x86_64/lib/gcc/aarch64-linux-android/4.9.x -L/Library/Android/android-ndk-r16b/toolchains/aarch64-linux-android-4.9/prebuilt/darwin-x86_64/lib/gcc/aarch64-linux-android/4.9.x/../../../../aarch64-linux-android/lib/../lib64 -L/Library/Android/android-ndk-r16b/toolchains/aarch64-linux-android-4.9/prebuilt/darwin-x86_64/lib/gcc/aarch64-linux-android/4.9.x/../../../../aarch64-linux-android/lib -L/Library/Android/android-ndk-r16b/platforms/android-21/arch-arm64/usr/lib --exclude-libs libgcc.a --exclude-libs libatomic.a --build-id --warn-shared-textrel --fatal-warnings --no-undefined -z noexecstack -z relro -z now --gc-sections -z nocopyreloc CMakeFiles/cmTC_cd47d.dir/CMakeCCompilerABI.c.o -lgcc -ldl -lc -lgcc -ldl /Library/Android/android-ndk-r16b/platforms/android-21/arch-arm64/usr/lib/crtend_android.o]
    arg [/Library/Android/android-ndk-r16b/toolchains/aarch64-linux-android-4.9/prebuilt/darwin-x86_64/lib/gcc/aarch64-linux-android/4.9.x/../../../../aarch64-linux-android/bin/ld] ==> ignore
    arg [--sysroot=/Library/Android/android-ndk-r16b/platforms/android-21/arch-arm64] ==> ignore
    arg [-pie] ==> ignore
    arg [--fix-cortex-a53-843419] ==> ignore
    arg [--eh-frame-hdr] ==> ignore
    arg [-m] ==> ignore
    arg [aarch64linux] ==> ignore
    arg [-dynamic-linker] ==> ignore
    arg [/system/bin/linker64] ==> ignore
    arg [-o] ==> ignore
    arg [cmTC_cd47d] ==> ignore
    arg [/Library/Android/android-ndk-r16b/platforms/android-21/arch-arm64/usr/lib/crtbegin_dynamic.o] ==> ignore
    arg [-L/Library/Android/android-ndk-r16b/toolchains/llvm/prebuilt/darwin-x86_64/lib64/clang/5.0.300080/lib/linux/aarch64] ==> dir [/Library/Android/android-ndk-r16b/toolchains/llvm/prebuilt/darwin-x86_64/lib64/clang/5.0.300080/lib/linux/aarch64]
    arg [-L/Library/Android/android-ndk-r16b/toolchains/aarch64-linux-android-4.9/prebuilt/darwin-x86_64/lib/gcc/aarch64-linux-android/4.9.x] ==> dir [/Library/Android/android-ndk-r16b/toolchains/aarch64-linux-android-4.9/prebuilt/darwin-x86_64/lib/gcc/aarch64-linux-android/4.9.x]
    arg [-L/Library/Android/android-ndk-r16b/toolchains/aarch64-linux-android-4.9/prebuilt/darwin-x86_64/lib/gcc/aarch64-linux-android/4.9.x/../../../../aarch64-linux-android/lib/../lib64] ==> dir [/Library/Android/android-ndk-r16b/toolchains/aarch64-linux-android-4.9/prebuilt/darwin-x86_64/lib/gcc/aarch64-linux-android/4.9.x/../../../../aarch64-linux-android/lib/../lib64]
    arg [-L/Library/Android/android-ndk-r16b/toolchains/aarch64-linux-android-4.9/prebuilt/darwin-x86_64/lib/gcc/aarch64-linux-android/4.9.x/../../../../aarch64-linux-android/lib] ==> dir [/Library/Android/android-ndk-r16b/toolchains/aarch64-linux-android-4.9/prebuilt/darwin-x86_64/lib/gcc/aarch64-linux-android/4.9.x/../../../../aarch64-linux-android/lib]
    arg [-L/Library/Android/android-ndk-r16b/platforms/android-21/arch-arm64/usr/lib] ==> dir [/Library/Android/android-ndk-r16b/platforms/android-21/arch-arm64/usr/lib]
    arg [--exclude-libs] ==> ignore
    arg [libgcc.a] ==> ignore
    arg [--exclude-libs] ==> ignore
    arg [libatomic.a] ==> ignore
    arg [--build-id] ==> ignore
    arg [--warn-shared-textrel] ==> ignore
    arg [--fatal-warnings] ==> ignore
    arg [--no-undefined] ==> ignore
    arg [-znoexecstack] ==> ignore
    arg [-zrelro] ==> ignore
    arg [-znow] ==> ignore
    arg [--gc-sections] ==> ignore
    arg [-znocopyreloc] ==> ignore
    arg [CMakeFiles/cmTC_cd47d.dir/CMakeCCompilerABI.c.o] ==> ignore
    arg [-lgcc] ==> lib [gcc]
    arg [-ldl] ==> lib [dl]
    arg [-lc] ==> lib [c]
    arg [-lgcc] ==> lib [gcc]
    arg [-ldl] ==> lib [dl]
    arg [/Library/Android/android-ndk-r16b/platforms/android-21/arch-arm64/usr/lib/crtend_android.o] ==> ignore
  collapse library dir [/Library/Android/android-ndk-r16b/toolchains/llvm/prebuilt/darwin-x86_64/lib64/clang/5.0.300080/lib/linux/aarch64] ==> [/Library/Android/android-ndk-r16b/toolchains/llvm/prebuilt/darwin-x86_64/lib64/clang/5.0.300080/lib/linux/aarch64]
  collapse library dir [/Library/Android/android-ndk-r16b/toolchains/aarch64-linux-android-4.9/prebuilt/darwin-x86_64/lib/gcc/aarch64-linux-android/4.9.x] ==> [/Library/Android/android-ndk-r16b/toolchains/aarch64-linux-android-4.9/prebuilt/darwin-x86_64/lib/gcc/aarch64-linux-android/4.9.x]
  collapse library dir [/Library/Android/android-ndk-r16b/toolchains/aarch64-linux-android-4.9/prebuilt/darwin-x86_64/lib/gcc/aarch64-linux-android/4.9.x/../../../../aarch64-linux-android/lib/../lib64] ==> [/Library/Android/android-ndk-r16b/toolchains/aarch64-linux-android-4.9/prebuilt/darwin-x86_64/aarch64-linux-android/lib64]
  collapse library dir [/Library/Android/android-ndk-r16b/toolchains/aarch64-linux-android-4.9/prebuilt/darwin-x86_64/lib/gcc/aarch64-linux-android/4.9.x/../../../../aarch64-linux-android/lib] ==> [/Library/Android/android-ndk-r16b/toolchains/aarch64-linux-android-4.9/prebuilt/darwin-x86_64/aarch64-linux-android/lib]
  collapse library dir [/Library/Android/android-ndk-r16b/platforms/android-21/arch-arm64/usr/lib] ==> [/Library/Android/android-ndk-r16b/platforms/android-21/arch-arm64/usr/lib]
  implicit libs: [gcc;dl;c;gcc;dl]
  implicit dirs: [/Library/Android/android-ndk-r16b/toolchains/llvm/prebuilt/darwin-x86_64/lib64/clang/5.0.300080/lib/linux/aarch64;/Library/Android/android-ndk-r16b/toolchains/aarch64-linux-android-4.9/prebuilt/darwin-x86_64/lib/gcc/aarch64-linux-android/4.9.x;/Library/Android/android-ndk-r16b/toolchains/aarch64-linux-android-4.9/prebuilt/darwin-x86_64/aarch64-linux-android/lib64;/Library/Android/android-ndk-r16b/toolchains/aarch64-linux-android-4.9/prebuilt/darwin-x86_64/aarch64-linux-android/lib;/Library/Android/android-ndk-r16b/platforms/android-21/arch-arm64/usr/lib]
  implicit fwks: []




Detecting C [-std=c11] compiler features compiled with the following output:
Change Dir: /Users/yuexiaobo/android/AndroidStudioProjects/self/imgeCompress/app/.externalNativeBuild/cmake/release/arm64-v8a/CMakeFiles/CMakeTmp

Run Build Command:"/Library/Android/sdk/cmake/3.10.2.4988404/bin/ninja" "cmTC_c1d49"
[1/2] Building C object CMakeFiles/cmTC_c1d49.dir/feature_tests.c.o
[2/2] Linking C executable cmTC_c1d49


    Feature record: C_FEATURE:1c_function_prototypes
    Feature record: C_FEATURE:1c_restrict
    Feature record: C_FEATURE:1c_static_assert
    Feature record: C_FEATURE:1c_variadic_macros


Detecting C [-std=c99] compiler features compiled with the following output:
Change Dir: /Users/yuexiaobo/android/AndroidStudioProjects/self/imgeCompress/app/.externalNativeBuild/cmake/release/arm64-v8a/CMakeFiles/CMakeTmp

Run Build Command:"/Library/Android/sdk/cmake/3.10.2.4988404/bin/ninja" "cmTC_d4418"
[1/2] Building C object CMakeFiles/cmTC_d4418.dir/feature_tests.c.o
[2/2] Linking C executable cmTC_d4418


    Feature record: C_FEATURE:1c_function_prototypes
    Feature record: C_FEATURE:1c_restrict
    Feature record: C_FEATURE:0c_static_assert
    Feature record: C_FEATURE:1c_variadic_macros


Detecting C [-std=c90] compiler features compiled with the following output:
Change Dir: /Users/yuexiaobo/android/AndroidStudioProjects/self/imgeCompress/app/.externalNativeBuild/cmake/release/arm64-v8a/CMakeFiles/CMakeTmp

Run Build Command:"/Library/Android/sdk/cmake/3.10.2.4988404/bin/ninja" "cmTC_fe2ce"
[1/2] Building C object CMakeFiles/cmTC_fe2ce.dir/feature_tests.c.o
[2/2] Linking C executable cmTC_fe2ce


    Feature record: C_FEATURE:1c_function_prototypes
    Feature record: C_FEATURE:0c_restrict
    Feature record: C_FEATURE:0c_static_assert
    Feature record: C_FEATURE:0c_variadic_macros
Determining if the include file sys/types.h exists passed with the following output:
Change Dir: /Users/yuexiaobo/android/AndroidStudioProjects/self/imgeCompress/app/.externalNativeBuild/cmake/release/arm64-v8a/CMakeFiles/CMakeTmp

Run Build Command:"/Library/Android/sdk/cmake/3.10.2.4988404/bin/ninja" "cmTC_dd457"
[1/2] Building C object CMakeFiles/cmTC_dd457.dir/CheckIncludeFile.c.o
[2/2] Linking C executable cmTC_dd457


Determining if the include file stdint.h exists passed with the following output:
Change Dir: /Users/yuexiaobo/android/AndroidStudioProjects/self/imgeCompress/app/.externalNativeBuild/cmake/release/arm64-v8a/CMakeFiles/CMakeTmp

Run Build Command:"/Library/Android/sdk/cmake/3.10.2.4988404/bin/ninja" "cmTC_a7c49"
[1/2] Building C object CMakeFiles/cmTC_a7c49.dir/CheckIncludeFile.c.o
[2/2] Linking C executable cmTC_a7c49


Determining if the include file stddef.h exists passed with the following output:
Change Dir: /Users/yuexiaobo/android/AndroidStudioProjects/self/imgeCompress/app/.externalNativeBuild/cmake/release/arm64-v8a/CMakeFiles/CMakeTmp

Run Build Command:"/Library/Android/sdk/cmake/3.10.2.4988404/bin/ninja" "cmTC_4038e"
[1/2] Building C object CMakeFiles/cmTC_4038e.dir/CheckIncludeFile.c.o
[2/2] Linking C executable cmTC_4038e


Determining size of size_t passed with the following output:
Change Dir: /Users/yuexiaobo/android/AndroidStudioProjects/self/imgeCompress/app/.externalNativeBuild/cmake/release/arm64-v8a/CMakeFiles/CMakeTmp

Run Build Command:"/Library/Android/sdk/cmake/3.10.2.4988404/bin/ninja" "cmTC_80e13"
[1/2] Building C object CMakeFiles/cmTC_80e13.dir/SIZE_T.c.o
[2/2] Linking C executable cmTC_80e13


Determining size of unsigned long passed with the following output:
Change Dir: /Users/yuexiaobo/android/AndroidStudioProjects/self/imgeCompress/app/.externalNativeBuild/cmake/release/arm64-v8a/CMakeFiles/CMakeTmp

Run Build Command:"/Library/Android/sdk/cmake/3.10.2.4988404/bin/ninja" "cmTC_f8ceb"
[1/2] Building C object CMakeFiles/cmTC_f8ceb.dir/UNSIGNED_LONG.c.o
[2/2] Linking C executable cmTC_f8ceb


Performing C SOURCE FILE Test HAVE_BUILTIN_CTZL succeeded with the following output:
Change Dir: /Users/yuexiaobo/android/AndroidStudioProjects/self/imgeCompress/app/.externalNativeBuild/cmake/release/arm64-v8a/CMakeFiles/CMakeTmp

Run Build Command:"/Library/Android/sdk/cmake/3.10.2.4988404/bin/ninja" "cmTC_b5ee1"
[1/2] Building C object CMakeFiles/cmTC_b5ee1.dir/src.c.o
[2/2] Linking C executable cmTC_b5ee1

Source file was:
int main(int argc, char **argv) { unsigned long a = argc;  return __builtin_ctzl(a); }
Determining if files locale.h exist passed with the following output:
Change Dir: /Users/yuexiaobo/android/AndroidStudioProjects/self/imgeCompress/app/.externalNativeBuild/cmake/release/arm64-v8a/CMakeFiles/CMakeTmp

Run Build Command:"/Library/Android/sdk/cmake/3.10.2.4988404/bin/ninja" "cmTC_2fe48"
[1/2] Building C object CMakeFiles/cmTC_2fe48.dir/CheckIncludeFiles.c.o
[2/2] Linking C executable cmTC_2fe48


Determining if files stdlib.h exist passed with the following output:
Change Dir: /Users/yuexiaobo/android/AndroidStudioProjects/self/imgeCompress/app/.externalNativeBuild/cmake/release/arm64-v8a/CMakeFiles/CMakeTmp

Run Build Command:"/Library/Android/sdk/cmake/3.10.2.4988404/bin/ninja" "cmTC_32062"
[1/2] Building C object CMakeFiles/cmTC_32062.dir/CheckIncludeFiles.c.o
[2/2] Linking C executable cmTC_32062


Determining if files sys/types.h exist passed with the following output:
Change Dir: /Users/yuexiaobo/android/AndroidStudioProjects/self/imgeCompress/app/.externalNativeBuild/cmake/release/arm64-v8a/CMakeFiles/CMakeTmp

Run Build Command:"/Library/Android/sdk/cmake/3.10.2.4988404/bin/ninja" "cmTC_292f5"
[1/2] Building C object CMakeFiles/cmTC_292f5.dir/CheckIncludeFiles.c.o
[2/2] Linking C executable cmTC_292f5


Determining if the memset exist passed with the following output:
Change Dir: /Users/yuexiaobo/android/AndroidStudioProjects/self/imgeCompress/app/.externalNativeBuild/cmake/release/arm64-v8a/CMakeFiles/CMakeTmp

Run Build Command:"/Library/Android/sdk/cmake/3.10.2.4988404/bin/ninja" "cmTC_49aa5"
[1/2] Building C object CMakeFiles/cmTC_49aa5.dir/CheckSymbolExists.c.o
[2/2] Linking C executable cmTC_49aa5

File /Users/yuexiaobo/android/AndroidStudioProjects/self/imgeCompress/app/.externalNativeBuild/cmake/release/arm64-v8a/CMakeFiles/CMakeTmp/CheckSymbolExists.c:
/* */
#include <string.h>

int main(int argc, char** argv)
{
  (void)argv;
#ifndef memset
  return ((int*)(&memset))[argc];
#else
  (void)argc;
  return 0;
#endif
}

Determining if the memcpy exist passed with the following output:
Change Dir: /Users/yuexiaobo/android/AndroidStudioProjects/self/imgeCompress/app/.externalNativeBuild/cmake/release/arm64-v8a/CMakeFiles/CMakeTmp

Run Build Command:"/Library/Android/sdk/cmake/3.10.2.4988404/bin/ninja" "cmTC_a55a6"
[1/2] Building C object CMakeFiles/cmTC_a55a6.dir/CheckSymbolExists.c.o
[2/2] Linking C executable cmTC_a55a6

File /Users/yuexiaobo/android/AndroidStudioProjects/self/imgeCompress/app/.externalNativeBuild/cmake/release/arm64-v8a/CMakeFiles/CMakeTmp/CheckSymbolExists.c:
/* */
#include <string.h>

int main(int argc, char** argv)
{
  (void)argv;
#ifndef memcpy
  return ((int*)(&memcpy))[argc];
#else
  (void)argc;
  return 0;
#endif
}

Determining size of unsigned char passed with the following output:
Change Dir: /Users/yuexiaobo/android/AndroidStudioProjects/self/imgeCompress/app/.externalNativeBuild/cmake/release/arm64-v8a/CMakeFiles/CMakeTmp

Run Build Command:"/Library/Android/sdk/cmake/3.10.2.4988404/bin/ninja" "cmTC_4e109"
[1/2] Building C object CMakeFiles/cmTC_4e109.dir/UNSIGNED_CHAR.c.o
[2/2] Linking C executable cmTC_4e109


Determining size of unsigned short passed with the following output:
Change Dir: /Users/yuexiaobo/android/AndroidStudioProjects/self/imgeCompress/app/.externalNativeBuild/cmake/release/arm64-v8a/CMakeFiles/CMakeTmp

Run Build Command:"/Library/Android/sdk/cmake/3.10.2.4988404/bin/ninja" "cmTC_2c497"
[1/2] Building C object CMakeFiles/cmTC_2c497.dir/UNSIGNED_SHORT.c.o
[2/2] Linking C executable cmTC_2c497


Performing C SOURCE FILE Test INCOMPLETE_TYPES succeeded with the following output:
Change Dir: /Users/yuexiaobo/android/AndroidStudioProjects/self/imgeCompress/app/.externalNativeBuild/cmake/release/arm64-v8a/CMakeFiles/CMakeTmp

Run Build Command:"/Library/Android/sdk/cmake/3.10.2.4988404/bin/ninja" "cmTC_a9728"
[1/2] Building C object CMakeFiles/cmTC_a9728.dir/src.c.o
[2/2] Linking C executable cmTC_a9728

Source file was:
int main(void) { typedef struct undefined_structure *undef_struct_ptr;  undef_struct_ptr ptr = 0;  return ptr != 0; }
Performing C SOURCE FILE Test INLINE_WORKS succeeded with the following output:
Change Dir: /Users/yuexiaobo/android/AndroidStudioProjects/self/imgeCompress/app/.externalNativeBuild/cmake/release/arm64-v8a/CMakeFiles/CMakeTmp

Run Build Command:"/Library/Android/sdk/cmake/3.10.2.4988404/bin/ninja" "cmTC_1f5b0"
[1/2] Building C object CMakeFiles/cmTC_1f5b0.dir/src.c.o
[2/2] Linking C executable cmTC_1f5b0

Source file was:
__inline__ __attribute__((always_inline)) static int foo(void) { return 0; } int main(void) { return foo(); }
Performing C SOURCE FILE Test HAVE_VERSION_SCRIPT succeeded with the following output:
Change Dir: /Users/yuexiaobo/android/AndroidStudioProjects/self/imgeCompress/app/.externalNativeBuild/cmake/release/arm64-v8a/CMakeFiles/CMakeTmp

Run Build Command:"/Library/Android/sdk/cmake/3.10.2.4988404/bin/ninja" "cmTC_6982d"
[1/2] Building C object CMakeFiles/cmTC_6982d.dir/src.c.o
clang: warning: -Wl,--version-script,/Users/yuexiaobo/android/AndroidStudioProjects/self/imgeCompress/app/.externalNativeBuild/cmake/release/arm64-v8a/conftest.map: 'linker' input unused [-Wunused-command-line-argument]
[2/2] Linking C executable cmTC_6982d

Source file was:
int main(void) { return 0; }
